<?xml version="1.0" encoding="UTF-8"?>
<testsuite xmlns:xsi="http://www.w3.org/2001/XMLSchema-instance" xsi:schemaLocation="https://maven.apache.org/surefire/maven-surefire-plugin/xsd/surefire-test-report.xsd" name="ru.deliver.zotov.autotests.AcceptanceTestSuite" time="38.975" tests="16" errors="2" skipped="7" failures="2">
  <properties>
[...]
</properties>
  <testcase name="BeforeStories" classname="java.lang.Object" time="0.004"/>
  <testcase name="Scenario: " classname="Scenario: " time="0.035"/>
  <testcase name="LookupADefinition.story" classname="LookupADefinition.story" time="0.036"/>
  <testcase name="Given Открывается главная страница" classname="ru.deliver.zotov.autotests.steps.ScenarioSteps" time="7.296"/>
  <testcase name="Then Загружена страница &quot;Главная страница&quot;" classname="ru.deliver.zotov.autotests.steps.ScenarioSteps" time="29.138">
    <error message="Timed out after 2 seconds. Element not found&#10;For documentation on this error, please visit: http://seleniumhq.org/exceptions/no_such_element.html&#10;Build info: version: &apos;3.4.0&apos;, revision: &apos;unknown&apos;, time: &apos;unknown&apos;&#10;System info: host: &apos;PC&apos;, ip: &apos;192.168.1.66&apos;, os.name: &apos;Windows 7&apos;, os.arch: &apos;amd64&apos;, os.version: &apos;6.1&apos;, java.version: &apos;1.8.0_111&apos;&#10;Driver info: driver.version: unknown" type="net.serenitybdd.core.exceptions.SerenityManagedException">net.serenitybdd.core.exceptions.SerenityManagedException: 
Timed out after 2 seconds. Element not found
For documentation on this error, please visit: http://seleniumhq.org/exceptions/no_such_element.html
Build info: version: '3.4.0', revision: 'unknown', time: 'unknown'
System info: host: 'PC', ip: '192.168.1.66', os.name: 'Windows 7', os.arch: 'amd64', os.version: '6.1', java.version: '1.8.0_111'
Driver info: driver.version: unknown
	at ru.deliver.zotov.autotests.steps.ScenarioSteps.stepLoadedPage(ScenarioSteps.java:27)
</error>
    <system-out><![CDATA[Given Открывается главная страница
]]></system-out>
  </testcase>
  <testcase name="When Выполнено нажатие на кнопку войти" classname="ru.deliver.zotov.autotests.steps.ScenarioSteps" time="0">
    <skipped/>
    <system-out><![CDATA[Then Загружена страница "Главная страница" (FAILED)
(net.serenitybdd.core.exceptions.SerenityManagedException: Timed out after 2 seconds. Element not found
For documentation on this error, please visit: http://seleniumhq.org/exceptions/no_such_element.html
Build info: version: '3.4.0', revision: 'unknown', time: 'unknown'
System info: host: 'PC', ip: '192.168.1.66', os.name: 'Windows 7', os.arch: 'amd64', os.version: '6.1', java.version: '1.8.0_111'
Driver info: driver.version: unknown)
]]></system-out>
  </testcase>
  <testcase name="Then Загружена страница &quot;Страница авторизации&quot;" classname="ru.deliver.zotov.autotests.steps.ScenarioSteps" time="0">
    <skipped/>
    <system-out><![CDATA[When Выполнено нажатие на кнопку войти (NOT PERFORMED)
]]></system-out>
  </testcase>
  <testcase name="When Проверяется валидация полей логин и пароль" classname="ru.deliver.zotov.autotests.steps.ScenarioSteps" time="0">
    <skipped/>
    <system-out><![CDATA[Then Загружена страница "Страница авторизации" (NOT PERFORMED)
]]></system-out>
  </testcase>
  <testcase name="When Заполняются поля логин значением &quot;dmitriyzotovtest@yandex.ru&quot; и пароль значением &quot;767200&quot;" classname="ru.deliver.zotov.autotests.steps.ScenarioSteps" time="0">
    <skipped/>
    <system-out><![CDATA[When Проверяется валидация полей логин и пароль (NOT PERFORMED)
]]></system-out>
  </testcase>
  <testcase name="When Выполнено нажатие на кнопку войти​" classname="ru.deliver.zotov.autotests.steps.ScenarioSteps" time="0">
    <skipped/>
    <system-out><![CDATA[When Заполняются поля логин значением "dmitriyzotovtest@yandex.ru" и пароль значением "767200" (NOT PERFORMED)
]]></system-out>
  </testcase>
  <testcase name="Then Загружена страница &quot;Авторизованная зона&quot;" classname="ru.deliver.zotov.autotests.steps.ScenarioSteps" time="0">
    <skipped/>
    <system-out><![CDATA[When Выполнено нажатие на кнопку войти (NOT PERFORMED)
]]></system-out>
  </testcase>
  <testcase name="Then Проверяется значение поля userName = &quot;Дмитрий&quot;" classname="ru.deliver.zotov.autotests.steps.ScenarioSteps" time="0">
    <skipped/>
    <system-out><![CDATA[Then Загружена страница "Авторизованная зона" (NOT PERFORMED)
]]></system-out>
  </testcase>
  <testcase name="Scenario: scenario description" classname="Scenario: scenario description" time="29.211">
    <failure message="scenario failed!" type="java.lang.AssertionError">java.lang.AssertionError: scenario failed!
</failure>
    <system-out><![CDATA[Then Проверяется значение поля userName = "Дмитрий" (NOT PERFORMED)
]]></system-out>
    <system-err><![CDATA[[pool-1-thread-1] ERROR net.serenitybdd.core.Serenity - 
           __  _____ _____ ____ _____   _____ _    ___ _     _____ ____  
  _       / / |_   _| ____/ ___|_   _| |  ___/ \  |_ _| |   | ____|  _ \ 
 (_)_____| |    | | |  _| \___ \ | |   | |_ / _ \  | || |   |  _| | | | |
  _|_____| |    | | | |___ ___) || |   |  _/ ___ \ | || |___| |___| |_| |
 (_)     | |    |_| |_____|____/ |_|   |_|/_/   \_\___|_____|_____|____/ 
          \_\                                                            

TEST FAILED WITH ERROR: scenario description
---------------------------------------------------------------------
[pool-1-thread-1] ERROR net.serenitybdd.core.Serenity - TEST FAILED AT STEP Page is loaded: Главная страница
[pool-1-thread-1] ERROR net.serenitybdd.core.Serenity - Timed out after 2 seconds. Element not found
]]></system-err>
  </testcase>
  <testcase name="Авторизация по почте.story" classname="Авторизация по почте.story" time="29.217">
    <failure message="story failed!" type="java.lang.AssertionError">java.lang.AssertionError: story failed!
</failure>
    <system-out><![CDATA[
net.serenitybdd.core.exceptions.SerenityManagedException: Timed out after 2 seconds. Element not found
For documentation on this error, please visit: http://seleniumhq.org/exceptions/no_such_element.html
Build info: version: '3.4.0', revision: 'unknown', time: 'unknown'
System info: host: 'PC', ip: '192.168.1.66', os.name: 'Windows 7', os.arch: 'amd64', os.version: '6.1', java.version: '1.8.0_111'
Driver info: driver.version: unknown
	at net.serenitybdd.core.exceptions.SerenityManagedException.detachedCopyOf(SerenityManagedException.java:20)
	at net.thucydides.core.steps.StepInterceptor.runTestStep(StepInterceptor.java:364)
	at net.thucydides.core.steps.StepInterceptor.testStepResult(StepInterceptor.java:132)
	at net.thucydides.core.steps.StepInterceptor.intercept(StepInterceptor.java:61)
	at ru.deliver.zotov.autotests.steps.serenity.PageSteps$$EnhancerByCGLIB$$af03389e.pageIsLoaded(<generated>)
	at ru.deliver.zotov.autotests.steps.ScenarioSteps.stepLoadedPage(ScenarioSteps.java:27)
	(reflection-invoke)
	at org.jbehave.core.steps.StepCreator$ParametrisedStep.perform(StepCreator.java:733)
	at org.jbehave.core.embedder.PerformableTree$FineSoFar.run(PerformableTree.java:346)
...
]]></system-out>
  </testcase>
  <testcase name="AfterStories" classname="java.lang.Object" time="0.573"/>
  <testcase name="ru.deliver.zotov.autotests.AcceptanceTestSuite" classname="org.apache.maven.surefire.junit4.JUnit4Provider" time="0.794">
    <error message="org.jbehave.core.embedder.Embedder$RunningStoriesFailed: Failures in running stories: &#10;org.jbehave.core.embedder.PerformableTree$SomethingHappened@41b5d106: net.serenitybdd.core.exceptions.SerenityManagedException: Timed out after 2 seconds. Element not found&#10;For documentation on this error, please visit: http://seleniumhq.org/exceptions/no_such_element.html&#10;Build info: version: &apos;3.4.0&apos;, revision: &apos;unknown&apos;, time: &apos;unknown&apos;&#10;System info: host: &apos;PC&apos;, ip: &apos;192.168.1.66&apos;, os.name: &apos;Windows 7&apos;, os.arch: &apos;amd64&apos;, os.version: &apos;6.1&apos;, java.version: &apos;1.8.0_111&apos;&#10;Driver info: driver.version: unknown" type="java.lang.RuntimeException">java.lang.RuntimeException: 
org.jbehave.core.embedder.Embedder$RunningStoriesFailed: Failures in running stories: 
org.jbehave.core.embedder.PerformableTree$SomethingHappened@41b5d106: net.serenitybdd.core.exceptions.SerenityManagedException: Timed out after 2 seconds. Element not found
For documentation on this error, please visit: http://seleniumhq.org/exceptions/no_such_element.html
Build info: version: '3.4.0', revision: 'unknown', time: 'unknown'
System info: host: 'PC', ip: '192.168.1.66', os.name: 'Windows 7', os.arch: 'amd64', os.version: '6.1', java.version: '1.8.0_111'
Driver info: driver.version: unknown
	at org.apache.maven.surefire.junit4.JUnit4Provider.execute(JUnit4Provider.java:367)
	at org.apache.maven.surefire.junit4.JUnit4Provider.executeWithRerun(JUnit4Provider.java:274)
	at org.apache.maven.surefire.junit4.JUnit4Provider.executeTestSet(JUnit4Provider.java:238)
	at org.apache.maven.surefire.junit4.JUnit4Provider.invoke(JUnit4Provider.java:161)
Caused by: org.jbehave.core.embedder.Embedder$RunningStoriesFailed: 
Failures in running stories: 
org.jbehave.core.embedder.PerformableTree$SomethingHappened@41b5d106: net.serenitybdd.core.exceptions.SerenityManagedException: Timed out after 2 seconds. Element not found
For documentation on this error, please visit: http://seleniumhq.org/exceptions/no_such_element.html
Build info: version: '3.4.0', revision: 'unknown', time: 'unknown'
System info: host: 'PC', ip: '192.168.1.66', os.name: 'Windows 7', os.arch: 'amd64', os.version: '6.1', java.version: '1.8.0_111'
Driver info: driver.version: unknown
	at org.apache.maven.surefire.junit4.JUnit4Provider.execute(JUnit4Provider.java:367)
	at org.apache.maven.surefire.junit4.JUnit4Provider.executeWithRerun(JUnit4Provider.java:274)
	at org.apache.maven.surefire.junit4.JUnit4Provider.executeTestSet(JUnit4Provider.java:238)
	at org.apache.maven.surefire.junit4.JUnit4Provider.invoke(JUnit4Provider.java:161)
</error>
    <system-out><![CDATA[
Generating reports view to 'C:\dZotov\target\jbehave' using formats '[stats, console, html, xml, serenityreporter, junitscenarioreporter]' and view properties '{decorateNonHtml=true}'
Reports view generated with 3 stories (of which 1 pending) containing 2 scenarios (of which 1 pending)
Failures in reports view: 1 scenarios failed
]]></system-out>
  </testcase>
</testsuite>